<?xml version="1.0" encoding="UTF-8"?>
<!-- Generated by org.testng.reporters.JUnitXMLReporter -->
<testsuite ignored="0" hostname="admin-PC" failures="0" tests="3" name="Default test" time="25.534" errors="0" timestamp="2019-12-25T13:01:36 IST">
  <testcase classname="testNG.TestngD" name="contactUs" time="2.89"/>
  <testcase classname="testNG.TestngD" name="contactUs" time="2.798"/>
  <testcase classname="testNG.TestngD" name="contactUs" time="1.914"/>
</testsuite> <!-- Default test -->
